--- Copying files at Mon Mar 11 19:35:01 UTC 2024
--- Copying files at Mon Mar 11 20:53:04 UTC 2024
--- Copying files at Mon Mar 11 20:58:51 UTC 2024
--- Copying files at Tue Mar 12 13:40:54 UTC 2024
--- Copying files at Tue Mar 12 18:56:44 UTC 2024
--- Copying files at Wed Mar 13 16:49:02 UTC 2024
--- Copying files at Wed Mar 13 18:18:59 UTC 2024
--- Copying files at Thu Mar 14 18:25:09 UTC 2024
--- Copying files at Fri Mar 15 13:55:16 UTC 2024
--- Copying files at Sat Mar 16 10:46:37 UTC 2024
--- Copying files at Sat Mar 16 13:08:44 UTC 2024
--- Copying files at Sat Mar 16 13:28:15 UTC 2024
--- Copying files at Sat Mar 16 14:03:53 UTC 2024
--- Copying files at Sat Mar 16 17:12:26 UTC 2024
--- Copying files at Sun Mar 17 13:02:11 UTC 2024
--- Copying files at Sun Mar 17 13:25:09 UTC 2024
--- Copying files at Sun Mar 17 17:11:37 UTC 2024
--- Copying files at Sun Mar 17 17:15:25 UTC 2024
--- Copying files at Sun Mar 17 17:25:31 UTC 2024
--- Copying files at Tue Mar 19 11:20:12 UTC 2024
--- Copying files at Wed Mar 20 16:13:26 UTC 2024
--- Copying files at Wed Mar 20 17:41:05 UTC 2024
--- Copying files at Wed Mar 20 21:29:00 UTC 2024
