Started at Wed Aug 28 16:38:12 UTC 2024
Processing AppiumBuilderAndRunner
Offering AppiumBuilderAndRunner to Project Build Discarder
Processing CI_CD_DEMO
Offering CI_CD_DEMO to Project Build Discarder
Processing SELENIUM_DOCKER_RUNNER
Offering SELENIUM_DOCKER_RUNNER to Project Build Discarder
Processing SeleniumDockerBuilder
Offering SeleniumDockerBuilder to Project Build Discarder
Finished at Wed Aug 28 16:38:12 UTC 2024. 111ms
Started at Wed Aug 28 17:38:12 UTC 2024
Processing AppiumBuilderAndRunner
Offering AppiumBuilderAndRunner to Project Build Discarder
Processing CI_CD_DEMO
Offering CI_CD_DEMO to Project Build Discarder
Processing SELENIUM_DOCKER_RUNNER
Offering SELENIUM_DOCKER_RUNNER to Project Build Discarder
Processing SeleniumDockerBuilder
Offering SeleniumDockerBuilder to Project Build Discarder
Finished at Wed Aug 28 17:38:12 UTC 2024. 22ms
Started at Wed Aug 28 18:38:12 UTC 2024
Processing AppiumBuilderAndRunner
Offering AppiumBuilderAndRunner to Project Build Discarder
Processing CI_CD_DEMO
Offering CI_CD_DEMO to Project Build Discarder
Processing SELENIUM_DOCKER_RUNNER
Offering SELENIUM_DOCKER_RUNNER to Project Build Discarder
Processing SeleniumDockerBuilder
Offering SeleniumDockerBuilder to Project Build Discarder
Finished at Wed Aug 28 18:38:12 UTC 2024. 6ms
